<?xml version="1.0" encoding="UTF-8"?>
<!-- Generated by org.testng.reporters.JUnitReportReporter -->
<testsuite hostname="EPINHYDW0EEC" failures="0" tests="1" name="testngPackage.ExcelDataProvider" time="0.660" errors="0" timestamp="2024-05-29T12:21:02 IST" skipped="0">
  <testcase classname="testngPackage.ExcelDataProvider" name="testData" time="0.660"/>
</testsuite> <!-- testngPackage.ExcelDataProvider -->
