<?xml version="1.0" encoding="UTF-8"?>
<!-- Generated by org.testng.reporters.JUnitReportReporter -->
<testsuite hostname="EPINHYDW0EEC" failures="0" tests="1" name="hometask1.Testing" time="0.005" errors="0" timestamp="2024-06-06T06:09:28 IST" skipped="0">
  <testcase classname="hometask1.Testing" name="print" time="0.005"/>
</testsuite> <!-- hometask1.Testing -->
