<?xml version="1.0" encoding="UTF-8"?>
<!-- Generated by org.testng.reporters.JUnitReportReporter -->
<testsuite hostname="EPINHYDW0EEC" failures="0" tests="2" name="hometask1.AppTest" time="0.003" errors="0" timestamp="2024-06-06T06:09:28 IST" skipped="0">
  <testcase classname="hometask1.AppTest" name="shouldAnswerWithTrue" time="0.001"/>
  <testcase classname="hometask1.AppTest" name="shouldAnswerWithFalse" time="0.002"/>
</testsuite> <!-- hometask1.AppTest -->
